c:\users\yashas\source\repos\cppclr_winformsprojekt3\cppclr_winformsprojekt3\x64\release\cppclr_winformsprojekt3.pch
c:\users\yashas\source\repos\cppclr_winformsprojekt3\cppclr_winformsprojekt3\x64\release\vc142.pdb
c:\users\yashas\source\repos\cppclr_winformsprojekt3\cppclr_winformsprojekt3\x64\release\pch.obj
c:\users\yashas\source\repos\cppclr_winformsprojekt3\cppclr_winformsprojekt3\x64\release\form1.obj
c:\users\yashas\source\repos\cppclr_winformsprojekt3\cppclr_winformsprojekt3\x64\release\file_parser.obj
c:\users\yashas\source\repos\cppclr_winformsprojekt3\cppclr_winformsprojekt3\x64\release\cppclr_winformsprojekt.obj
c:\users\yashas\source\repos\cppclr_winformsprojekt3\cppclr_winformsprojekt3\x64\release\assemblyinfo.obj
c:\users\yashas\source\repos\cppclr_winformsprojekt3\cppclr_winformsprojekt3\x64\release\.netframework,version=v4.7.2.assemblyattributes.obj
c:\users\yashas\source\repos\cppclr_winformsprojekt3\cppclr_winformsprojekt3\x64\release\cppclr_winformsprojekt3.form1.resources
c:\users\yashas\source\repos\cppclr_winformsprojekt3\cppclr_winformsprojekt3\x64\release\vcpkg.applocal.log
c:\users\yashas\source\repos\cppclr_winformsprojekt3\x64\release\cppclr_winformsprojekt3.exe
c:\users\yashas\source\repos\cppclr_winformsprojekt3\x64\release\cppclr_winformsprojekt3.pdb
c:\users\yashas\source\repos\cppclr_winformsprojekt3\cppclr_winformsprojekt3\x64\release\app.res
c:\users\yashas\source\repos\cppclr_winformsprojekt3\cppclr_winformsprojekt3\x64\release\cppclr_w.823b5ae5.tlog\cl.command.1.tlog
c:\users\yashas\source\repos\cppclr_winformsprojekt3\cppclr_winformsprojekt3\x64\release\cppclr_w.823b5ae5.tlog\cl.read.1.tlog
c:\users\yashas\source\repos\cppclr_winformsprojekt3\cppclr_winformsprojekt3\x64\release\cppclr_w.823b5ae5.tlog\cl.write.1.tlog
c:\users\yashas\source\repos\cppclr_winformsprojekt3\cppclr_winformsprojekt3\x64\release\cppclr_w.823b5ae5.tlog\cppclr_winformsprojekt3.write.1u.tlog
c:\users\yashas\source\repos\cppclr_winformsprojekt3\cppclr_winformsprojekt3\x64\release\cppclr_w.823b5ae5.tlog\link.command.1.tlog
c:\users\yashas\source\repos\cppclr_winformsprojekt3\cppclr_winformsprojekt3\x64\release\cppclr_w.823b5ae5.tlog\link.read.1.tlog
c:\users\yashas\source\repos\cppclr_winformsprojekt3\cppclr_winformsprojekt3\x64\release\cppclr_w.823b5ae5.tlog\link.write.1.tlog
c:\users\yashas\source\repos\cppclr_winformsprojekt3\cppclr_winformsprojekt3\x64\release\cppclr_w.823b5ae5.tlog\metagen.read.1.tlog
c:\users\yashas\source\repos\cppclr_winformsprojekt3\cppclr_winformsprojekt3\x64\release\cppclr_w.823b5ae5.tlog\metagen.write.1.tlog
c:\users\yashas\source\repos\cppclr_winformsprojekt3\cppclr_winformsprojekt3\x64\release\cppclr_w.823b5ae5.tlog\rc.command.1.tlog
c:\users\yashas\source\repos\cppclr_winformsprojekt3\cppclr_winformsprojekt3\x64\release\cppclr_w.823b5ae5.tlog\rc.read.1.tlog
c:\users\yashas\source\repos\cppclr_winformsprojekt3\cppclr_winformsprojekt3\x64\release\cppclr_w.823b5ae5.tlog\rc.write.1.tlog
