e:\free rtos - rts\freertosv8.2.3\freertosv8.2.3\freertos\demo\win32-msvc\debug\vc141.pdb
e:\free rtos - rts\freertosv8.2.3\freertosv8.2.3\freertos\demo\win32-msvc\debug\vc141.idb
e:\free rtos - rts\freertosv8.2.3\freertosv8.2.3\freertos\demo\win32-msvc\debug\genqtest.obj
e:\free rtos - rts\freertosv8.2.3\freertosv8.2.3\freertos\demo\win32-msvc\debug\integer.obj
e:\free rtos - rts\freertosv8.2.3\freertosv8.2.3\freertos\demo\win32-msvc\debug\intsemtest.obj
e:\free rtos - rts\freertosv8.2.3\freertosv8.2.3\freertos\demo\win32-msvc\debug\pollq.obj
e:\free rtos - rts\freertosv8.2.3\freertosv8.2.3\freertos\demo\win32-msvc\debug\qpeek.obj
e:\free rtos - rts\freertosv8.2.3\freertosv8.2.3\freertos\demo\win32-msvc\debug\queueoverwrite.obj
e:\free rtos - rts\freertosv8.2.3\freertosv8.2.3\freertos\demo\win32-msvc\debug\queueset.obj
e:\free rtos - rts\freertosv8.2.3\freertosv8.2.3\freertos\demo\win32-msvc\debug\queuesetpolling.obj
e:\free rtos - rts\freertosv8.2.3\freertosv8.2.3\freertos\demo\win32-msvc\debug\recmutex.obj
e:\free rtos - rts\freertosv8.2.3\freertosv8.2.3\freertos\demo\win32-msvc\debug\semtest.obj
e:\free rtos - rts\freertosv8.2.3\freertosv8.2.3\freertos\demo\win32-msvc\debug\tasknotify.obj
e:\free rtos - rts\freertosv8.2.3\freertosv8.2.3\freertos\demo\win32-msvc\debug\timerdemo.obj
e:\free rtos - rts\freertosv8.2.3\freertosv8.2.3\freertos\demo\win32-msvc\debug\main.obj
e:\free rtos - rts\freertosv8.2.3\freertosv8.2.3\freertos\demo\win32-msvc\debug\list.obj
e:\free rtos - rts\freertosv8.2.3\freertosv8.2.3\freertos\demo\win32-msvc\debug\port.obj
e:\free rtos - rts\freertosv8.2.3\freertosv8.2.3\freertos\demo\win32-msvc\debug\queue.obj
e:\free rtos - rts\freertosv8.2.3\freertosv8.2.3\freertos\demo\win32-msvc\debug\tasks.obj
e:\free rtos - rts\freertosv8.2.3\freertosv8.2.3\freertos\demo\win32-msvc\debug\main_blinky.obj
e:\free rtos - rts\freertosv8.2.3\freertosv8.2.3\freertos\demo\win32-msvc\debug\main_full.obj
e:\free rtos - rts\freertosv8.2.3\freertosv8.2.3\freertos\demo\win32-msvc\debug\run-time-stats-utils.obj
e:\free rtos - rts\freertosv8.2.3\freertosv8.2.3\freertos\demo\win32-msvc\debug\trcbase.obj
e:\free rtos - rts\freertosv8.2.3\freertosv8.2.3\freertos\demo\win32-msvc\debug\trchardwareport.obj
e:\free rtos - rts\freertosv8.2.3\freertosv8.2.3\freertos\demo\win32-msvc\debug\trckernel.obj
e:\free rtos - rts\freertosv8.2.3\freertosv8.2.3\freertos\demo\win32-msvc\debug\trckernelport.obj
e:\free rtos - rts\freertosv8.2.3\freertosv8.2.3\freertos\demo\win32-msvc\debug\trcuser.obj
e:\free rtos - rts\freertosv8.2.3\freertosv8.2.3\freertos\demo\win32-msvc\debug\croutine.obj
e:\free rtos - rts\freertosv8.2.3\freertosv8.2.3\freertos\demo\win32-msvc\debug\event_groups.obj
e:\free rtos - rts\freertosv8.2.3\freertosv8.2.3\freertos\demo\win32-msvc\debug\heap_5.obj
e:\free rtos - rts\freertosv8.2.3\freertosv8.2.3\freertos\demo\win32-msvc\debug\timers.obj
e:\free rtos - rts\freertosv8.2.3\freertosv8.2.3\freertos\demo\win32-msvc\debug\blockq.obj
e:\free rtos - rts\freertosv8.2.3\freertosv8.2.3\freertos\demo\win32-msvc\debug\blocktim.obj
e:\free rtos - rts\freertosv8.2.3\freertosv8.2.3\freertos\demo\win32-msvc\debug\countsem.obj
e:\free rtos - rts\freertosv8.2.3\freertosv8.2.3\freertos\demo\win32-msvc\debug\death.obj
e:\free rtos - rts\freertosv8.2.3\freertosv8.2.3\freertos\demo\win32-msvc\debug\dynamic.obj
e:\free rtos - rts\freertosv8.2.3\freertosv8.2.3\freertos\demo\win32-msvc\debug\eventgroupsdemo.obj
e:\free rtos - rts\freertosv8.2.3\freertosv8.2.3\freertos\demo\win32-msvc\debug\flop.obj
e:\free rtos - rts\freertosv8.2.3\freertosv8.2.3\freertos\demo\win32-msvc\debug\rtosdemo.exe
e:\free rtos - rts\freertosv8.2.3\freertosv8.2.3\freertos\demo\win32-msvc\debug\rtosdemo.ilk
e:\free rtos - rts\freertosv8.2.3\freertosv8.2.3\freertos\demo\win32-msvc\debug\win32.pdb
e:\free rtos - rts\freertosv8.2.3\freertosv8.2.3\freertos\demo\win32-msvc\.\debug\rtosdemo.exe
e:\free rtos - rts\freertosv8.2.3\freertosv8.2.3\freertos\demo\win32-msvc\debug\rtosdemo.tlog\cl.command.1.tlog
e:\free rtos - rts\freertosv8.2.3\freertosv8.2.3\freertos\demo\win32-msvc\debug\rtosdemo.tlog\cl.read.1.tlog
e:\free rtos - rts\freertosv8.2.3\freertosv8.2.3\freertos\demo\win32-msvc\debug\rtosdemo.tlog\cl.write.1.tlog
e:\free rtos - rts\freertosv8.2.3\freertosv8.2.3\freertos\demo\win32-msvc\debug\rtosdemo.tlog\link.command.1.tlog
e:\free rtos - rts\freertosv8.2.3\freertosv8.2.3\freertos\demo\win32-msvc\debug\rtosdemo.tlog\link.read.1.tlog
e:\free rtos - rts\freertosv8.2.3\freertosv8.2.3\freertos\demo\win32-msvc\debug\rtosdemo.tlog\link.write.1.tlog
